android/build/intermediates/manifest_merge_blame_file/release/manifest-merger-blame-release-report.txt
1<?xml version="1.0" encoding="utf-8"?>
2<manifest xmlns:android="http://schemas.android.com/apk/res/android"
3    package="com.reactlibrary"
4    android:versionCode="1"
5    android:versionName="1.0" >
6
7    <uses-sdk
8        android:minSdkVersion="21"
8-->src/main/AndroidManifest.xml
9        android:targetSdkVersion="29" />
9-->src/main/AndroidManifest.xml
10
11    <uses-permission android:name="android.permission.ACCESS_NETWORK_STATE" />
11-->src/main/AndroidManifest.xml:5:5-79
11-->src/main/AndroidManifest.xml:5:22-76
12    <uses-permission android:name="android.permission.READ_EXTERNAL_STORAGE" />
12-->src/main/AndroidManifest.xml:6:5-80
12-->src/main/AndroidManifest.xml:6:22-77
13    <uses-permission android:name="android.permission.REQUEST_INSTALL_PACKAGES" />
13-->src/main/AndroidManifest.xml:7:5-82
13-->src/main/AndroidManifest.xml:7:22-80
14    <uses-permission android:name="android.permission.ACCESS_FINE_LOCATION" />
14-->src/main/AndroidManifest.xml:8:5-79
14-->src/main/AndroidManifest.xml:8:22-76
15    <uses-permission android:name="android.permission.WRITE_EXTERNAL_STORAGE" />
15-->src/main/AndroidManifest.xml:9:5-81
15-->src/main/AndroidManifest.xml:9:22-78
16    <uses-permission android:name="com.android.alarm.permission.ACCESS_WIFI_STATE" />
16-->src/main/AndroidManifest.xml:10:5-86
16-->src/main/AndroidManifest.xml:10:22-83
17    <uses-permission android:name="android.permission.CAMERA" />
17-->src/main/AndroidManifest.xml:11:5-65
17-->src/main/AndroidManifest.xml:11:22-62
18
19    <uses-feature android:name="android.hardware.location.gps" />
19-->src/main/AndroidManifest.xml:12:5-66
19-->src/main/AndroidManifest.xml:12:19-63
20
21    <application
21-->src/main/AndroidManifest.xml:13:5-25:19
22        android:allowBackup="false"
22-->src/main/AndroidManifest.xml:14:9-36
23        android:usesCleartextTraffic="true" >
23-->src/main/AndroidManifest.xml:15:9-44
24        <provider
24-->src/main/AndroidManifest.xml:16:9-24:20
25            android:name="androidx.core.content.FileProvider"
25-->src/main/AndroidManifest.xml:17:13-62
26            android:authorities="$(applicationId).com.reactlibrary.provider"
26-->src/main/AndroidManifest.xml:18:13-77
27            android:exported="false"
27-->src/main/AndroidManifest.xml:19:13-37
28            android:grantUriPermissions="true" >
28-->src/main/AndroidManifest.xml:20:13-47
29            <meta-data
29-->src/main/AndroidManifest.xml:21:13-23:63
30                android:name="android.support.FILE_PROVIDER_PATHS"
30-->src/main/AndroidManifest.xml:22:17-67
31                android:resource="@xml/file_provider_paths" />
31-->src/main/AndroidManifest.xml:23:17-60
32        </provider>
33    </application>
34
35</manifest>